0 info it worked if it ends with ok
1 verbose cli [ '/usr/local/bin/node', '/usr/local/bin/npm', 'addUser' ]
2 info using npm@3.10.10
3 info using node@v6.11.0
4 warn Name must be lowercase
5 warn Email must be an email address
6 warn Email must be an email address
7 verbose adduser before first PUT { _id: 'org.couchdb.user:imtiyaz',
7 verbose adduser   name: 'imtiyaz',
7 verbose adduser   password: 'XXXXX',
7 verbose adduser   email: 'imtiyaz.208@gmail.com',
7 verbose adduser   type: 'user',
7 verbose adduser   roles: [],
7 verbose adduser   date: '2017-07-08T03:06:51.988Z' }
8 verbose request uri https://registry.npmjs.org/-/user/org.couchdb.user:imtiyaz
9 verbose request new user, so can't send auth
10 info attempt registry request try #1 at 8:06:51 PM
11 verbose request id 0dc609a4a8e82aa4
12 http request PUT https://registry.npmjs.org/-/user/org.couchdb.user:imtiyaz
13 http 400 https://registry.npmjs.org/-/user/org.couchdb.user:imtiyaz
14 verbose headers { 'content-type': 'application/json',
14 verbose headers   'cache-control': 'max-age=300',
14 verbose headers   'content-length': '107',
14 verbose headers   'accept-ranges': 'bytes',
14 verbose headers   date: 'Sat, 08 Jul 2017 03:03:54 GMT',
14 verbose headers   via: '1.1 varnish',
14 verbose headers   connection: 'keep-alive',
14 verbose headers   'x-served-by': 'cache-lax8634-LAX',
14 verbose headers   'x-cache': 'MISS',
14 verbose headers   'x-cache-hits': '0',
14 verbose headers   'x-timer': 'S1499483035.528171,VS0,VE142',
14 verbose headers   vary: 'Accept-Encoding, Accept' }
15 verbose request invalidating /Users/imtiyaz/.npm/registry.npmjs.org/-/user/org.couchdb.user_3Aimtiyaz on PUT
16 verbose adduser back [ { Error: The provided password is too short. Please pick a password longer than 7 characters. : -/user/org.couchdb.user:imtiyaz
16 verbose adduser       at makeError (/usr/local/lib/node_modules/npm/node_modules/npm-registry-client/lib/request.js:302:12)
16 verbose adduser       at CachingRegistryClient.<anonymous> (/usr/local/lib/node_modules/npm/node_modules/npm-registry-client/lib/request.js:290:14)
16 verbose adduser       at Request._callback (/usr/local/lib/node_modules/npm/node_modules/npm-registry-client/lib/request.js:210:14)
16 verbose adduser       at Request.self.callback (/usr/local/lib/node_modules/npm/node_modules/request/request.js:187:22)
16 verbose adduser       at emitTwo (events.js:106:13)
16 verbose adduser       at Request.emit (events.js:191:7)
16 verbose adduser       at Request.<anonymous> (/usr/local/lib/node_modules/npm/node_modules/request/request.js:1048:10)
16 verbose adduser       at emitOne (events.js:96:13)
16 verbose adduser       at Request.emit (events.js:188:7)
16 verbose adduser       at IncomingMessage.<anonymous> (/usr/local/lib/node_modules/npm/node_modules/request/request.js:969:12) statusCode: 400, code: 'E400' },
16 verbose adduser   { ok: false,
16 verbose adduser     error: 'The provided password is too short. Please pick a password longer than 7 characters.' },
16 verbose adduser   '{"ok":false,"error":"The provided password is too short. Please pick a password longer than 7 characters."}' ]
17 verbose stack Error: The provided password is too short. Please pick a password longer than 7 characters. : -/user/org.couchdb.user:imtiyaz
17 verbose stack     at makeError (/usr/local/lib/node_modules/npm/node_modules/npm-registry-client/lib/request.js:302:12)
17 verbose stack     at CachingRegistryClient.<anonymous> (/usr/local/lib/node_modules/npm/node_modules/npm-registry-client/lib/request.js:290:14)
17 verbose stack     at Request._callback (/usr/local/lib/node_modules/npm/node_modules/npm-registry-client/lib/request.js:210:14)
17 verbose stack     at Request.self.callback (/usr/local/lib/node_modules/npm/node_modules/request/request.js:187:22)
17 verbose stack     at emitTwo (events.js:106:13)
17 verbose stack     at Request.emit (events.js:191:7)
17 verbose stack     at Request.<anonymous> (/usr/local/lib/node_modules/npm/node_modules/request/request.js:1048:10)
17 verbose stack     at emitOne (events.js:96:13)
17 verbose stack     at Request.emit (events.js:188:7)
17 verbose stack     at IncomingMessage.<anonymous> (/usr/local/lib/node_modules/npm/node_modules/request/request.js:969:12)
18 verbose statusCode 400
19 verbose cwd /Users/imtiyaz/imtiyaz-sync/all_projects/IntegratedProject
20 error Darwin 14.5.0
21 error argv "/usr/local/bin/node" "/usr/local/bin/npm" "addUser"
22 error node v6.11.0
23 error npm  v3.10.10
24 error code E400
25 error The provided password is too short. Please pick a password longer than 7 characters. : -/user/org.couchdb.user:imtiyaz
26 error If you need help, you may report this error at:
26 error     <https://github.com/npm/npm/issues>
27 verbose exit [ 1, true ]
